13:14:37 **** Incremental Build of configuration Debug for project stm32_comms_1 ****
make -j4 all 
Building file: ../src/main.c
Invoking: MCU GCC Compiler
/home/sam/Documents/ece36200_workspace/lab10/Debug
arm-none-eabi-gcc -mcpu=cortex-m0 -mthumb -mfloat-abi=soft -DSTM32 -DSTM32F0 -DSTM32F091RCTx -DDEBUG -DSTM32F091 -DUSE_STDPERIPH_DRIVER -I"/home/sam/Documents/ece36200_workspace/lab10/StdPeriph_Driver/inc" -I"/home/sam/Documents/ece36200_workspace/lab10/inc" -I"/home/sam/Documents/ece36200_workspace/lab10/CMSIS/device" -I"/home/sam/Documents/ece36200_workspace/lab10/CMSIS/core" -O0 -g3 -Wall -fmessage-length=0 -ffunction-sections -c -MMD -MP -MF"src/main.d" -MT"src/main.o" -o "src/main.o" "../src/main.c"
../src/main.c: In function 'interrupt_getchar':
../src/main.c:164:17: warning: unused variable 'u' [-Wunused-variable]
  USART_TypeDef *u = USART5;
                 ^
../src/main.c: In function 'main':
../src/main.c:263:9: warning: unused variable 'connected' [-Wunused-variable]
     int connected; //0 for unconnected, 1 for connected, 2 for access mode
         ^~~~~~~~~
Finished building: ../src/main.c
 
Building target: stm32_comms_1.elf
Invoking: MCU GCC Linker
arm-none-eabi-gcc -mcpu=cortex-m0 -mthumb -mfloat-abi=soft -T"/home/sam/Documents/ece36200_workspace/lab10/LinkerScript.ld" -Wl,-Map=output.map -Wl,--gc-sections -o "stm32_comms_1.elf" @"objects.list"   -lm
Finished building target: stm32_comms_1.elf
 
make --no-print-directory post-build
Generating binary and Printing size information:
arm-none-eabi-objcopy -O binary "stm32_comms_1.elf" "stm32_comms_1.bin"
arm-none-eabi-size "stm32_comms_1.elf"
   text	   data	    bss	    dec	    hex	filename
  13028	   2128	   1428	  16584	   40c8	stm32_comms_1.elf
 
13:14:39 **** Incremental Build of configuration Debug for project stm32_comms_1 ****
make -j4 all 
make: Nothing to be done for 'all'.
