12:04:40 **** Build of configuration Debug for project stm32_communication ****
make -j4 all 
Building file: ../startup/startup_stm32.s
Building file: ../src/main.c
Building file: ../src/syscalls.c
Invoking: MCU GCC Assembler
Invoking: MCU GCC Compiler
Invoking: MCU GCC Compiler
/home/sam/Documents/senior_design/wherehouse/subsystems/communication/stm32_firmware/stm32_communication/Debug
/home/sam/Documents/senior_design/wherehouse/subsystems/communication/stm32_firmware/stm32_communication/Debug
arm-none-eabi-as -mcpu=cortex-m0 -mthumb -mfloat-abi=soft -g -o "startup/startup_stm32.o" "../startup/startup_stm32.s"
/home/sam/Documents/senior_design/wherehouse/subsystems/communication/stm32_firmware/stm32_communication/Debug
arm-none-eabi-gcc -mcpu=cortex-m0 -mthumb -mfloat-abi=soft -DSTM32 -DSTM32F0 -DSTM32F091RCTx -DDEBUG -DSTM32F091 -DUSE_STDPERIPH_DRIVER -O0 -g3 -Wall -fmessage-length=0 -ffunction-sections -c -MMD -MP -MF"src/main.d" -MT"src/main.o" -o "src/main.o" "../src/main.c"
arm-none-eabi-gcc -mcpu=cortex-m0 -mthumb -mfloat-abi=soft -DSTM32 -DSTM32F0 -DSTM32F091RCTx -DDEBUG -DSTM32F091 -DUSE_STDPERIPH_DRIVER -O0 -g3 -Wall -fmessage-length=0 -ffunction-sections -c -MMD -MP -MF"src/syscalls.d" -MT"src/syscalls.o" -o "src/syscalls.o" "../src/syscalls.c"
../src/main.c:6:10: fatal error: stm32f0xx.h: No such file or directory
 #include "stm32f0xx.h"
          ^~~~~~~~~~~~~
compilation terminated.
make: *** [src/subdir.mk:24: src/main.o] Error 1
make: *** Waiting for unfinished jobs....
Finished building: ../startup/startup_stm32.s
 
Finished building: ../src/syscalls.c
 

12:04:41 Build Finished (took 1s.116ms)

