20:32:55 **** Build of configuration Debug for project wherehouse_merge_1 ****
make -j4 all 
Building file: ../startup/startup_stm32.s
Building file: ../src/commands.c
Building file: ../src/diskio.c
Invoking: MCU GCC Assembler
Invoking: MCU GCC Compiler
/home/sam/Documents/senior_design/wherehouse/subsystems/communication/stm32_firmware/wherehouse_merge_1/Debug
Invoking: MCU GCC Compiler
arm-none-eabi-as -mcpu=cortex-m0 -mthumb -mfloat-abi=soft -g -o "startup/startup_stm32.o" "../startup/startup_stm32.s"
/home/sam/Documents/senior_design/wherehouse/subsystems/communication/stm32_firmware/wherehouse_merge_1/Debug
arm-none-eabi-gcc -mcpu=cortex-m0 -mthumb -mfloat-abi=soft -DSTM32 -DSTM32F0 -DSTM32F091RCTx -DDEBUG -DSTM32F091 -DUSE_STDPERIPH_DRIVER -O0 -g3 -Wall -fmessage-length=0 -ffunction-sections -c -MMD -MP -MF"src/commands.d" -MT"src/commands.o" -o "src/commands.o" "../src/commands.c"
/home/sam/Documents/senior_design/wherehouse/subsystems/communication/stm32_firmware/wherehouse_merge_1/Debug
arm-none-eabi-gcc -mcpu=cortex-m0 -mthumb -mfloat-abi=soft -DSTM32 -DSTM32F0 -DSTM32F091RCTx -DDEBUG -DSTM32F091 -DUSE_STDPERIPH_DRIVER -O0 -g3 -Wall -fmessage-length=0 -ffunction-sections -c -MMD -MP -MF"src/diskio.d" -MT"src/diskio.o" -o "src/diskio.o" "../src/diskio.c"
Finished building: ../startup/startup_stm32.s
Building file: ../src/ff.c
 
../src/commands.c:2:10: fatal error: stm32f0xx.h: No such file or directory
Invoking: MCU GCC Compiler
Building file: ../src/fifo.c
/home/sam/Documents/senior_design/wherehouse/subsystems/communication/stm32_firmware/wherehouse_merge_1/Debug
arm-none-eabi-gcc -mcpu=cortex-m0 -mthumb -mfloat-abi=soft -DSTM32 -DSTM32F0 -DSTM32F091RCTx -DDEBUG -DSTM32F091 -DUSE_STDPERIPH_DRIVER -O0 -g3 -Wall -fmessage-length=0 -ffunction-sections -c -MMD -MP -MF"src/ff.d" -MT"src/ff.o" -o "src/ff.o" "../src/ff.c"
Invoking: MCU GCC Compiler
/home/sam/Documents/senior_design/wherehouse/subsystems/communication/stm32_firmware/wherehouse_merge_1/Debug
arm-none-eabi-gcc -mcpu=cortex-m0 -mthumb -mfloat-abi=soft -DSTM32 -DSTM32F0 -DSTM32F091RCTx -DDEBUG -DSTM32F091 -DUSE_STDPERIPH_DRIVER -O0 -g3 -Wall -fmessage-length=0 -ffunction-sections -c -MMD -MP -MF"src/fifo.d" -MT"src/fifo.o" -o "src/fifo.o" "../src/fifo.c"
 #include "stm32f0xx.h"
          ^~~~~~~~~~~~~
compilation terminated.
../src/diskio.c:2:10: fatal error: stm32f0xx.h: No such file or directory
 #include "stm32f0xx.h"
          ^~~~~~~~~~~~~
compilation terminated.
make: *** [src/subdir.mk:40: src/commands.o] Error 1
make: *** Waiting for unfinished jobs....
make: *** [src/subdir.mk:42: src/diskio.o] Error 1
../src/ff.c:22:10: fatal error: ff.h: No such file or directory
 #include "ff.h"   /* Declarations of FatFs API */
          ^~~~~~
compilation terminated.
make: *** [src/subdir.mk:42: src/ff.o] Error 1
../src/fifo.c:2:10: fatal error: fifo.h: No such file or directory
 #include "fifo.h"
          ^~~~~~~~
compilation terminated.
make: *** [src/subdir.mk:42: src/fifo.o] Error 1

20:32:55 Build Finished (took 747ms)

